<?xml version="1.0" encoding="UTF-8"?><testsuite errors="1" failures="0" name="newtestcases.InspifyLoginPageTest" skipped="0" tests="2" time="46.1" timestamp="2023-10-09 03:42:26"><testcase classname="newtestcases.InspifyLoginPageTest" name="Verify login"><error message="Expected condition failed: waiting for net.serenitybdd.core.pages.RenderedPageObjectView$$Lambda$627/0x0000000100446ae8@195113de (tried for 15 second(s) with 50 milliseconds interval)&#10;Build info: version: '3.141.59', revision: 'e82be7d358', time: '2018-11-14T08:17:03'&#10;System info: host: 'DESKTOP-D2F20CM', ip: '192.168.137.1', os.name: 'Windows 10', os.arch: 'amd64', os.version: '10.0', java.version: '17.0.2'&#10;Driver info: driver.version: unknown" type="org.openqa.selenium.TimeoutException">Expected condition failed: waiting for net.serenitybdd.core.pages.RenderedPageObjectView$$Lambda$627/0x0000000100446ae8@195113de (tried for 15 second(s) with 50 milliseconds interval)
Build info: version: '3.141.59', revision: 'e82be7d358', time: '2018-11-14T08:17:03'
System info: host: 'DESKTOP-D2F20CM', ip: '192.168.137.1', os.name: 'Windows 10', os.arch: 'amd64', os.version: '10.0', java.version: '17.0.2'
Driver info: driver.version: unknown</error><system-err>Expected condition failed: waiting for net.serenitybdd.core.pages.RenderedPageObjectView$$Lambda$627/0x0000000100446ae8@195113de (tried for 15 second(s) with 50 milliseconds interval)
Build info: version: '3.141.59', revision: 'e82be7d358', time: '2018-11-14T08:17:03'
System info: host: 'DESKTOP-D2F20CM', ip: '192.168.137.1', os.name: 'Windows 10', os.arch: 'amd64', os.version: '10.0', java.version: '17.0.2'
Driver info: driver.version: unknown&#13;
base.BasePage.elementPresence(BasePage.java:107)&#13;
pages.InspifyPage.verifyLogout(InspifyPage.java:45)&#13;
steps.InspifySteps.verifyLogout(InspifySteps.java:50)&#13;
newtestcases.InspifyLoginPageTest.afterTest(InspifyLoginPageTest.java:69)&#13;
org.eclipse.jdt.internal.junit5.runner.JUnit5TestReference.run(JUnit5TestReference.java:98)&#13;
org.eclipse.jdt.internal.junit.runner.TestExecution.run(TestExecution.java:40)&#13;
org.eclipse.jdt.internal.junit.runner.RemoteTestRunner.runTests(RemoteTestRunner.java:529)&#13;
org.eclipse.jdt.internal.junit.runner.RemoteTestRunner.runTests(RemoteTestRunner.java:756)&#13;
org.eclipse.jdt.internal.junit.runner.RemoteTestRunner.run(RemoteTestRunner.java:452)&#13;
org.eclipse.jdt.internal.junit.runner.RemoteTestRunner.main(RemoteTestRunner.java:210)&#13;
</system-err></testcase><testcase classname="newtestcases.InspifyLoginPageTest" name="Logout from inspify"/></testsuite>