<?xml version="1.0" encoding="UTF-8"?><testsuite errors="1" failures="0" name="newtestcases.InspifyLoginPageTest" skipped="0" tests="2" time="67.06" timestamp="2023-10-20 03:10:48"><testcase classname="newtestcases.InspifyLoginPageTest" name="Verify login"><error message="Expected condition failed: waiting for net.serenitybdd.core.pages.RenderedPageObjectView$$Lambda$333/1096296601@70f91ae3 (tried for 20 second(s) with 50 milliseconds interval)&#10;Build info: version: '3.141.59', revision: 'e82be7d358', time: '2018-11-14T08:17:03'&#10;System info: host: 'DESKTOP-D2F20CM', ip: '192.168.137.1', os.name: 'Windows 10', os.arch: 'amd64', os.version: '10.0', java.version: '1.8.0_202'&#10;Driver info: driver.version: unknown" type="org.openqa.selenium.TimeoutException">Expected condition failed: waiting for net.serenitybdd.core.pages.RenderedPageObjectView$$Lambda$333/1096296601@70f91ae3 (tried for 20 second(s) with 50 milliseconds interval)
Build info: version: '3.141.59', revision: 'e82be7d358', time: '2018-11-14T08:17:03'
System info: host: 'DESKTOP-D2F20CM', ip: '192.168.137.1', os.name: 'Windows 10', os.arch: 'amd64', os.version: '10.0', java.version: '1.8.0_202'
Driver info: driver.version: unknown</error><system-err>Expected condition failed: waiting for net.serenitybdd.core.pages.RenderedPageObjectView$$Lambda$333/1096296601@70f91ae3 (tried for 20 second(s) with 50 milliseconds interval)
Build info: version: '3.141.59', revision: 'e82be7d358', time: '2018-11-14T08:17:03'
System info: host: 'DESKTOP-D2F20CM', ip: '192.168.137.1', os.name: 'Windows 10', os.arch: 'amd64', os.version: '10.0', java.version: '1.8.0_202'
Driver info: driver.version: unknown&#13;
base.BasePage.elementPresence(BasePage.java:114)&#13;
pages.InspifyPage.verifyLogout(InspifyPage.java:66)&#13;
steps.InspifySteps.verifyLogout(InspifySteps.java:50)&#13;
newtestcases.InspifyLoginPageTest.verifyLogout(InspifyLoginPageTest.java:67)&#13;
</system-err></testcase><testcase classname="newtestcases.InspifyLoginPageTest" name="Logout from inspify"/></testsuite>