<?xml version="1.0" encoding="UTF-8"?><testsuite errors="0" failures="1" name="testCases.PIMFlowTest" skipped="0" tests="1" time="48.64" timestamp="2023-11-01 06:17:24"><testcase classname="testCases.PIMFlowTest" name="Creating An Employee in PIM module"><failure message="Expected enabled element was not clickable" type="net.thucydides.core.webdriver.exceptions.ElementShouldBeEnabledException">Expected enabled element was not clickable</failure><system-err>Expected enabled element was not clickable&#13;
base.BasePage.clickActionOnWebElement(BasePage.java:210)&#13;
Pages.HomePage.AddEmployeeOperations(HomePage.java:53)&#13;
steps.PIMCreation.addNewEmp(PIMCreation.java:22)&#13;
testCases.PIMFlowTest.PIMOperations(PIMFlowTest.java:28)&#13;
org.eclipse.jdt.internal.junit4.runner.JUnit4TestReference.run(JUnit4TestReference.java:93)&#13;
org.eclipse.jdt.internal.junit.runner.TestExecution.run(TestExecution.java:40)&#13;
org.eclipse.jdt.internal.junit.runner.RemoteTestRunner.runTests(RemoteTestRunner.java:529)&#13;
org.eclipse.jdt.internal.junit.runner.RemoteTestRunner.runTests(RemoteTestRunner.java:756)&#13;
org.eclipse.jdt.internal.junit.runner.RemoteTestRunner.run(RemoteTestRunner.java:452)&#13;
org.eclipse.jdt.internal.junit.runner.RemoteTestRunner.main(RemoteTestRunner.java:210)&#13;
</system-err></testcase></testsuite>