<?xml version="1.0" encoding="UTF-8"?><testsuite errors="1" failures="0" name="testcases.BuyerLogin" skipped="0" tests="1" time="0.0" timestamp="2023-10-27 08:28:41"><testcase classname="testcases.BuyerLogin" name="Initialisation"><error message="Superclass has no null constructors but no arguments were given" type="java.lang.IllegalArgumentException">Superclass has no null constructors but no arguments were given</error><system-err>Superclass has no null constructors but no arguments were given&#13;
org.eclipse.jdt.internal.junit4.runner.JUnit4TestReference.run(JUnit4TestReference.java:93)&#13;
org.eclipse.jdt.internal.junit.runner.TestExecution.run(TestExecution.java:40)&#13;
org.eclipse.jdt.internal.junit.runner.RemoteTestRunner.runTests(RemoteTestRunner.java:529)&#13;
org.eclipse.jdt.internal.junit.runner.RemoteTestRunner.runTests(RemoteTestRunner.java:756)&#13;
org.eclipse.jdt.internal.junit.runner.RemoteTestRunner.run(RemoteTestRunner.java:452)&#13;
org.eclipse.jdt.internal.junit.runner.RemoteTestRunner.main(RemoteTestRunner.java:210)&#13;
</system-err></testcase></testsuite>