<?xml version="1.0" encoding="UTF-8"?><testsuite errors="1" failures="0" name="CuraHealthSerenity.Logout3Test" skipped="0" tests="1" time="0.09" timestamp="2023-10-30 09:04:11"><testcase classname="CuraHealthSerenity.Logout3Test" name="Patient logout"><error type="java.lang.NullPointerException"/><system-err>null&#13;
CuraHealthSerenity.UtilitiesTest.getElement(UtilitiesTest.java:72)&#13;
CuraHealthSerenity.UtilitiesTest.elementPresence(UtilitiesTest.java:159)&#13;
CuraHealthSerenity.Logout3Test.PatientLogout(Logout3Test.java:27)&#13;
org.eclipse.jdt.internal.junit4.runner.JUnit4TestReference.run(JUnit4TestReference.java:93)&#13;
org.eclipse.jdt.internal.junit.runner.TestExecution.run(TestExecution.java:40)&#13;
org.eclipse.jdt.internal.junit.runner.RemoteTestRunner.runTests(RemoteTestRunner.java:529)&#13;
org.eclipse.jdt.internal.junit.runner.RemoteTestRunner.runTests(RemoteTestRunner.java:756)&#13;
org.eclipse.jdt.internal.junit.runner.RemoteTestRunner.run(RemoteTestRunner.java:452)&#13;
org.eclipse.jdt.internal.junit.runner.RemoteTestRunner.main(RemoteTestRunner.java:210)&#13;
</system-err></testcase></testsuite>