<?xml version="1.0" encoding="UTF-8"?><testsuite errors="0" failures="1" name="CuraHealthScreenplayProject.CuraHealthTest" skipped="0" tests="1" time="17.15" timestamp="2023-10-30 09:04:51"><testcase classname="CuraHealthScreenplayProject.CuraHealthTest" name="Cura health login"><failure message="predicate failed" type="java.lang.AssertionError">predicate failed</failure><system-err>predicate failed&#13;
CuraHealthScreenplayProject.LoginTest.performAs(LoginTest.java:86)&#13;
CuraHealthScreenplayProject.CuraHealthTest.CuraHealthLogin(CuraHealthTest.java:51)&#13;
org.eclipse.jdt.internal.junit4.runner.JUnit4TestReference.run(JUnit4TestReference.java:93)&#13;
org.eclipse.jdt.internal.junit.runner.TestExecution.run(TestExecution.java:40)&#13;
org.eclipse.jdt.internal.junit.runner.RemoteTestRunner.runTests(RemoteTestRunner.java:529)&#13;
org.eclipse.jdt.internal.junit.runner.RemoteTestRunner.runTests(RemoteTestRunner.java:756)&#13;
org.eclipse.jdt.internal.junit.runner.RemoteTestRunner.run(RemoteTestRunner.java:452)&#13;
org.eclipse.jdt.internal.junit.runner.RemoteTestRunner.main(RemoteTestRunner.java:210)&#13;
</system-err></testcase></testsuite>