-------------------------------------------------------------------------------
Test set: testcases.PurchaseOrder
-------------------------------------------------------------------------------
Tests run: 1, Failures: 1, Errors: 0, Skipped: 0, Time elapsed: 0.1 s <<< FAILURE! - in testcases.PurchaseOrder
userLoginToApp(testcases.PurchaseOrder)  Time elapsed: 0.1 s  <<< FAILURE!
java.lang.AssertionError: Undefined default URL for page object PageObject
	at testcases.PurchaseOrder.userLoginToApp(PurchaseOrder.java:46)

