-------------------------------------------------------------------------------
Test set: testcases.DemoBlaze_Registration
-------------------------------------------------------------------------------
Tests run: 1, Failures: 0, Errors: 1, Skipped: 0, Time elapsed: 0.003 s <<< FAILURE! - in testcases.DemoBlaze_Registration
initializationError(testcases.DemoBlaze_Registration)  Time elapsed: 0.003 s  <<< ERROR!
java.lang.Exception: Method userActions should have no parameters

