<?xml version="1.0" encoding="UTF-8"?>
<testsuite xmlns:xsi="http://www.w3.org/2001/XMLSchema-instance" xsi:noNamespaceSchemaLocation="https://maven.apache.org/surefire/maven-failsafe-plugin/xsd/failsafe-test-report.xsd" name="newtestcases.StartLiveSessionTest" time="64.822" tests="1" errors="1" skipped="0" failures="0">
  <properties>
[...]
</properties>
  <testcase name="startLiveSessionTest[0]" classname="newtestcases.StartLiveSessionTest" time="64.822">
    <error message="no such window: target window already closed&#10;from unknown error: web view not found&#10;  (Session info: chrome=117.0.5938.149)&#10;Build info: version: &apos;3.141.59&apos;, revision: &apos;e82be7d358&apos;, time: &apos;2018-11-14T08:17:03&apos;&#10;System info: host: &apos;DESKTOP-D2F20CM&apos;, ip: &apos;192.168.137.1&apos;, os.name: &apos;Windows 10&apos;, os.arch: &apos;amd64&apos;, os.version: &apos;10.0&apos;, java.version: &apos;1.8.0_202&apos;&#10;Driver info: org.openqa.selenium.chrome.ChromeDriver&#10;Capabilities {acceptInsecureCerts: false, browserName: chrome, browserVersion: 117.0.5938.149, chrome: {chromedriverVersion: 117.0.5938.92 (67649b10b92b..., userDataDir: C:\Users\admin\AppData\Loca...}, fedcm:accounts: true, goog:chromeOptions: {debuggerAddress: localhost:51912}, javascriptEnabled: true, networkConnectionEnabled: false, pageLoadStrategy: normal, platform: WINDOWS, platformName: WINDOWS, proxy: Proxy(), setWindowRect: true, strictFileInteractability: false, timeouts: {implicit: 0, pageLoad: 300000, script: 30000}, unhandledPromptBehavior: dismiss and notify, webauthn:extension:credBlob: true, webauthn:extension:largeBlob: true, webauthn:extension:minPinLength: true, webauthn:extension:prf: true, webauthn:virtualAuthenticators: true}&#10;Session ID: 50ac76ce7930f35d7947305e620c1e9c&#10;*** Element info: {Using=css selector, value=.lounge-local-video}&#10;Build info: version: &apos;3.141.59&apos;, revision: &apos;e82be7d358&apos;, time: &apos;2018-11-14T08:17:03&apos;&#10;System info: host: &apos;DESKTOP-D2F20CM&apos;, ip: &apos;192.168.137.1&apos;, os.name: &apos;Windows 10&apos;, os.arch: &apos;amd64&apos;, os.version: &apos;10.0&apos;, java.version: &apos;1.8.0_202&apos;&#10;Driver info: driver.version: unknown" type="org.openqa.selenium.NoSuchWindowException">org.openqa.selenium.NoSuchWindowException: 
no such window: target window already closed
from unknown error: web view not found
  (Session info: chrome=117.0.5938.149)
Build info: version: '3.141.59', revision: 'e82be7d358', time: '2018-11-14T08:17:03'
System info: host: 'DESKTOP-D2F20CM', ip: '192.168.137.1', os.name: 'Windows 10', os.arch: 'amd64', os.version: '10.0', java.version: '1.8.0_202'
Driver info: org.openqa.selenium.chrome.ChromeDriver
Capabilities {acceptInsecureCerts: false, browserName: chrome, browserVersion: 117.0.5938.149, chrome: {chromedriverVersion: 117.0.5938.92 (67649b10b92b..., userDataDir: C:\Users\admin\AppData\Loca...}, fedcm:accounts: true, goog:chromeOptions: {debuggerAddress: localhost:51912}, javascriptEnabled: true, networkConnectionEnabled: false, pageLoadStrategy: normal, platform: WINDOWS, platformName: WINDOWS, proxy: Proxy(), setWindowRect: true, strictFileInteractability: false, timeouts: {implicit: 0, pageLoad: 300000, script: 30000}, unhandledPromptBehavior: dismiss and notify, webauthn:extension:credBlob: true, webauthn:extension:largeBlob: true, webauthn:extension:minPinLength: true, webauthn:extension:prf: true, webauthn:virtualAuthenticators: true}
Session ID: 50ac76ce7930f35d7947305e620c1e9c
*** Element info: {Using=css selector, value=.lounge-local-video}
Build info: version: '3.141.59', revision: 'e82be7d358', time: '2018-11-14T08:17:03'
System info: host: 'DESKTOP-D2F20CM', ip: '192.168.137.1', os.name: 'Windows 10', os.arch: 'amd64', os.version: '10.0', java.version: '1.8.0_202'
Driver info: driver.version: unknown
	at newtestcases.StartLiveSessionTest.startLiveSessionTest(StartLiveSessionTest.java:44)
</error>
    <system-out><![CDATA[15:16:40.636 [main] DEBUG n.t.c.u.PropertiesFileLocalPreferences - LOADING LOCAL PROPERTIES FROM D:\Projects\Automation\Serenity\GettingStarted\serenity.properties 
15:16:40.857 [main] DEBUG n.t.c.u.PropertiesFileLocalPreferences - LOADING LOCAL PROPERTIES FROM D:\Projects\Automation\Serenity\GettingStarted\serenity.properties 
15:16:40.858 [main] DEBUG n.t.c.u.PropertiesFileLocalPreferences - LOADING LOCAL PROPERTIES FROM D:\Projects\Automation\Serenity\GettingStarted\serenity.properties 
15:16:40.867 [main] DEBUG n.t.c.u.PropertiesFileLocalPreferences - serenity.outputDirectory=target/site/serenity/screenshots
15:16:40.867 [main] DEBUG n.t.c.u.PropertiesFileLocalPreferences - username=nikhilp+prod3@inspify.com
15:16:40.867 [main] DEBUG n.t.c.u.PropertiesFileLocalPreferences - webdriver.base.url=https://nikhilp-prod3.inspify.com/hub
15:16:40.867 [main] DEBUG n.t.c.u.PropertiesFileLocalPreferences - serenity.project.name=Serenity Inspify Practice
15:16:40.867 [main] DEBUG n.t.c.u.PropertiesFileLocalPreferences - webdriver.wait.for.timeout=15000
15:16:40.867 [main] DEBUG n.t.c.u.PropertiesFileLocalPreferences - webdriver.autodownload=true
15:16:40.868 [main] DEBUG n.t.c.u.PropertiesFileLocalPreferences - password=Nikhilp@123
15:16:40.868 [main] DEBUG n.t.c.u.PropertiesFileLocalPreferences - serenity.take.screenshots=BEFORE_AND_AFTER_EACH_STEP
15:16:40.868 [main] DEBUG n.t.c.u.PropertiesFileLocalPreferences - webdriver.timeouts.implicitlywait=20000
15:16:40.868 [main] DEBUG n.t.c.u.PropertiesFileLocalPreferences - serenity.browser.maximized=true
15:16:40.868 [main] DEBUG n.t.c.u.PropertiesFileLocalPreferences - drivers.mac.webdriver.chrome.driver=src/test/resources/drivers/chromedriver
15:16:40.869 [main] DEBUG n.t.c.u.PropertiesFileLocalPreferences - drivers.windows.webdriver.gecko.driver=src/test/resources/drivers/geckodriver.exe
15:16:40.869 [main] DEBUG n.t.c.u.PropertiesFileLocalPreferences - webdriver.driver=chrome
15:16:40.869 [main] DEBUG n.t.c.u.PropertiesFileLocalPreferences - drivers.linux.webdriver.chrome.driver=src/test/resources/drivers/chromedriver.exe
15:16:40.871 [main] DEBUG n.t.c.u.PropertiesFileLocalPreferences - drivers.windows.webdriver.edge.driver=src/test/resources/drivers/msedgedriver.exe
15:16:40.871 [main] DEBUG n.t.c.u.PropertiesFileLocalPreferences - drivers.windows.webdriver.chrome.driver=src/test/resources/drivers/chromedriver.exe
15:16:40.885 [main] DEBUG n.t.c.u.PropertiesFileLocalPreferences - LOADING LOCAL PROPERTIES FROM D:\Projects\Automation\Serenity\GettingStarted\serenity.properties 
15:16:40.899 [main] DEBUG n.t.c.u.PropertiesFileLocalPreferences - LOADING LOCAL PROPERTIES FROM D:\Projects\Automation\Serenity\GettingStarted\serenity.properties 
15:16:40.899 [main] DEBUG n.t.c.u.PropertiesFileLocalPreferences - LOADING LOCAL PROPERTIES FROM D:\Projects\Automation\Serenity\GettingStarted\serenity.properties 
15:16:40.900 [main] DEBUG n.t.c.u.PropertiesFileLocalPreferences - serenity.outputDirectory=target/site/serenity/screenshots
15:16:40.900 [main] DEBUG n.t.c.u.PropertiesFileLocalPreferences - username=nikhilp+prod3@inspify.com
15:16:40.900 [main] DEBUG n.t.c.u.PropertiesFileLocalPreferences - webdriver.base.url=https://nikhilp-prod3.inspify.com/hub
15:16:40.901 [main] DEBUG n.t.c.u.PropertiesFileLocalPreferences - serenity.project.name=Serenity Inspify Practice
15:16:40.901 [main] DEBUG n.t.c.u.PropertiesFileLocalPreferences - webdriver.wait.for.timeout=15000
15:16:40.901 [main] DEBUG n.t.c.u.PropertiesFileLocalPreferences - webdriver.autodownload=true
15:16:40.901 [main] DEBUG n.t.c.u.PropertiesFileLocalPreferences - password=Nikhilp@123
15:16:40.901 [main] DEBUG n.t.c.u.PropertiesFileLocalPreferences - serenity.take.screenshots=BEFORE_AND_AFTER_EACH_STEP
15:16:40.901 [main] DEBUG n.t.c.u.PropertiesFileLocalPreferences - webdriver.timeouts.implicitlywait=20000
15:16:40.901 [main] DEBUG n.t.c.u.PropertiesFileLocalPreferences - serenity.browser.maximized=true
15:16:40.902 [main] DEBUG n.t.c.u.PropertiesFileLocalPreferences - drivers.mac.webdriver.chrome.driver=src/test/resources/drivers/chromedriver
15:16:40.902 [main] DEBUG n.t.c.u.PropertiesFileLocalPreferences - drivers.windows.webdriver.gecko.driver=src/test/resources/drivers/geckodriver.exe
15:16:40.902 [main] DEBUG n.t.c.u.PropertiesFileLocalPreferences - webdriver.driver=chrome
15:16:40.902 [main] DEBUG n.t.c.u.PropertiesFileLocalPreferences - drivers.linux.webdriver.chrome.driver=src/test/resources/drivers/chromedriver.exe
15:16:40.902 [main] DEBUG n.t.c.u.PropertiesFileLocalPreferences - drivers.windows.webdriver.edge.driver=src/test/resources/drivers/msedgedriver.exe
15:16:40.902 [main] DEBUG n.t.c.u.PropertiesFileLocalPreferences - drivers.windows.webdriver.chrome.driver=src/test/resources/drivers/chromedriver.exe
15:16:41.370 [main] DEBUG n.t.core.reports.ReportService - Reporting formats: [JSON, HTML]
15:16:41.588 [main] DEBUG n.t.core.reports.ReportService - Reporting formats: [JSON, HTML]
15:16:41.694 [pool-1-thread-1] INFO  n.t.c.steps.ConsoleLoggingListener - 

-------------------------------------------------------------------------------------
     _______. _______ .______       _______ .__   __.  __  .___________.____    ____ 
    /       ||   ____||   _  \     |   ____||  \ |  | |  | |           |\   \  /   / 
   |   (----`|  |__   |  |_)  |    |  |__   |   \|  | |  | `---|  |----` \   \/   /  
    \   \    |   __|  |      /     |   __|  |  . `  | |  |     |  |       \_    _/   
.----)   |   |  |____ |  |\  \----.|  |____ |  |\   | |  |     |  |         |  |     
|_______/    |_______|| _| `._____||_______||__| \__| |__|     |__|         |__|    
                                                                                     
 News and tutorials at http://www.serenity-bdd.info                                  
 Documentation at https://wakaleo.gitbooks.io/the-serenity-book/content/             
 Join the Serenity Community on Rocket Chat at https://serenity-bdd.rocket.chat      
 Serenity BDD Support and Training at http://serenity-bdd.info/#/trainingandsupport  
 Learn Serenity BDD online at http://serenity-dojo.com                               
-------------------------------------------------------------------------------------

15:17:47.410 [pool-1-thread-1] DEBUG n.t.core.requirements.RootDirectory - Resource directories found in D:\Projects\Automation\Serenity\GettingStarted in 5 ms: [D:\Projects\Automation\Serenity\GettingStarted\src\test\resources]
15:17:47.583 [pool-1-thread-1] ERROR n.t.c.steps.ConsoleLoggingListener - 
           __  _____ _____ ____ _____   _____ _    ___ _     _____ ____  
  _       / / |_   _| ____/ ___|_   _| |  ___/ \  |_ _| |   | ____|  _ \ 
 (_)_____| |    | | |  _| \___ \ | |   | |_ / _ \  | || |   |  _| | | | |
  _|_____| |    | | | |___ ___) || |   |  _/ ___ \ | || |___| |___| |_| |
 (_)     | |    |_| |_____|____/ |_|   |_|/_/   \_\___|_____|_____|____/ 
          \_\                                                            

TEST FAILED WITH ERROR: Operations on sessions
---------------------------------------------------------------------
15:17:47.586 [pool-1-thread-1] DEBUG n.t.c.steps.ConsoleLoggingListener - RELATED ISSUES: 
15:17:47.704 [pool-1-thread-1] ERROR n.t.c.steps.ConsoleLoggingListener - TEST FAILED AT STEP Accept permissions
15:17:47.705 [pool-1-thread-1] ERROR n.t.c.steps.ConsoleLoggingListener - no such window: target window already closed
15:17:47.709 [pool-1-thread-1] DEBUG n.s.core.photography.Darkroom - Closing darkroom
15:17:47.716 [main] DEBUG n.t.core.reports.ReportService - Reporting formats: [JSON, HTML]
15:17:47.718 [main] DEBUG n.t.core.reports.ReportService - Reporting formats: [JSON, HTML]
15:17:47.724 [main] DEBUG n.t.core.reports.ReportService - Generating reports for 1 test outcomes using: net.thucydides.core.reports.json.JSONTestOutcomeReporter@7f6f61c8
15:17:47.726 [pool-1-thread-1] DEBUG n.t.core.reports.ReportService - Processing test outcome Start live session test:startLiveSessionTest
15:17:47.726 [pool-1-thread-1] DEBUG n.t.core.reports.ReportService - net.thucydides.core.reports.json.JSONTestOutcomeReporter@7f6f61c8: Generating report for test outcome: Start live session test:startLiveSessionTest
15:17:47.729 [pool-1-thread-1] DEBUG n.t.c.r.json.JSONTestOutcomeReporter - Generating JSON report for Operations on sessions to file D:\Projects\Automation\Serenity\GettingStarted\target\site\serenity\screenshots\e8782a44c600d66b1a83086caaaf7f34f7c74251384c1535f41ca8d53f727b2a.json (using temp file D:\Projects\Automation\Serenity\GettingStarted\target\site\serenity\screenshots\e8782a44c600d66b1a83086caaaf7f34f7c74251384c1535f41ca8d53f727b2a.json598c7b49-4294-4695-82a3-85102fe832ec)
15:17:47.766 [pool-1-thread-1] DEBUG n.t.core.reports.ReportService - Processing test outcome Start live session test:startLiveSessionTest done
15:17:47.766 [main] DEBUG n.t.core.reports.ReportService - Shutting down executor service
15:17:47.766 [main] DEBUG n.t.core.reports.ReportService - Reports generated in: 41 ms
15:17:47.766 [main] DEBUG n.t.core.reports.ReportService - Generating reports for 1 test outcomes using: net.thucydides.core.reports.html.HtmlAcceptanceTestReporter@4c2cc639
15:17:47.767 [pool-2-thread-1] DEBUG n.t.core.reports.ReportService - Processing test outcome Start live session test:startLiveSessionTest
15:17:47.767 [pool-2-thread-1] DEBUG n.t.core.reports.ReportService - net.thucydides.core.reports.html.HtmlAcceptanceTestReporter@4c2cc639: Generating report for test outcome: Start live session test:startLiveSessionTest
15:17:47.767 [pool-2-thread-1] DEBUG n.t.c.r.h.HtmlAcceptanceTestReporter - GENERATE TEST OUTCOME REPORT FOR startLiveSessionTest in e8782a44c600d66b1a83086caaaf7f34f7c74251384c1535f41ca8d53f727b2a
15:17:47.771 [pool-2-thread-1] DEBUG n.t.c.r.RequirementsTagProvider -  found:[]
15:17:47.775 [pool-2-thread-1] DEBUG n.t.c.r.RequirementsTagProvider -  found:[]
15:17:47.807 [pool-2-thread-1] DEBUG n.t.c.r.RequirementsTagProvider -  found:[]
15:17:47.808 [pool-2-thread-1] DEBUG n.t.c.r.RequirementsTagProvider -  found:[]
15:17:47.889 [pool-2-thread-1] DEBUG n.t.c.r.h.HtmlAcceptanceTestReporter - Generating report in e8782a44c600d66b1a83086caaaf7f34f7c74251384c1535f41ca8d53f727b2a_screenshots.html
15:17:48.267 [pool-2-thread-1] DEBUG n.t.c.r.h.HtmlAcceptanceTestReporter - Generated report e8782a44c600d66b1a83086caaaf7f34f7c74251384c1535f41ca8d53f727b2a_screenshots.html in 378 ms
15:17:48.268 [pool-2-thread-1] DEBUG n.t.c.r.h.HtmlAcceptanceTestReporter - GENERATING HTML REPORT FOR Start live session test:startLiveSessionTest in e8782a44c600d66b1a83086caaaf7f34f7c74251384c1535f41ca8d53f727b2a.html in directory target\site\serenity\screenshots  
15:17:48.270 [pool-2-thread-1] DEBUG n.t.c.r.h.HtmlAcceptanceTestReporter - Generating report in e8782a44c600d66b1a83086caaaf7f34f7c74251384c1535f41ca8d53f727b2a.html
15:17:48.432 [pool-2-thread-1] DEBUG n.t.c.r.h.HtmlAcceptanceTestReporter - Generated report e8782a44c600d66b1a83086caaaf7f34f7c74251384c1535f41ca8d53f727b2a.html in 162 ms
15:17:48.432 [pool-2-thread-1] DEBUG n.t.core.reports.ReportService - Processing test outcome Start live session test:startLiveSessionTest done
15:17:48.433 [main] DEBUG n.t.core.reports.ReportService - Shutting down executor service
15:17:48.433 [main] DEBUG n.t.core.reports.ReportService - Reports generated in: 667 ms
15:17:48.599 [main] DEBUG n.t.core.reports.ReportService - Generating report for configuration
15:16:41.906 [pool-1-thread-1] DEBUG n.thucydides.core.steps.StepEventBus - Test suite started for class newtestcases.StartLiveSessionTest
15:16:41.911 [pool-1-thread-1] INFO  n.t.c.steps.ConsoleLoggingListener - Test Suite Started: Start live session test
15:16:41.949 [pool-1-thread-1] DEBUG n.t.core.requirements.RootDirectory - Resource directories found in  in 13 ms: [src\test\resources]
15:16:41.957 [pool-1-thread-1] INFO  n.t.c.steps.ConsoleLoggingListener - 
 _____ _____ ____ _____   ____ _____  _    ____ _____ _____ ____  
|_   _| ____/ ___|_   _| / ___|_   _|/ \  |  _ \_   _| ____|  _ \ 
  | | |  _| \___ \ | |   \___ \ | | / _ \ | |_) || | |  _| | | | |
  | | | |___ ___) || |    ___) || |/ ___ \|  _ < | | | |___| |_| |
  |_| |_____|____/ |_|   |____/ |_/_/   \_\_| \_\|_| |_____|____/ 
                                                                  

TEST STARTED: startLiveSessionTest[0]
-------------------------------------------------------------------
15:16:41.958 [pool-1-thread-1] INFO  net.serenitybdd.core.Serenity - TEST NUMBER: 1
15:16:42.074 [pool-1-thread-1] DEBUG n.t.core.steps.StepInterceptor - STARTING STEP: StartLiveSessionTest.startLiveSessionTest - launchURL
15:16:43.040 [pool-1-thread-1] INFO  n.s.c.w.d.ProvideNewDriver - Instantiating driver
15:16:43.048 [pool-1-thread-1] INFO  n.s.c.w.d.ProvideNewDriver - Driver capabilities: Capabilities {acceptInsecureCerts: false, browserName: chrome, goog:chromeOptions: {args: [], extensions: []}, loggingPrefs: org.openqa.selenium.logging..., platform: ANY, version: }
15:16:51.430 [pool-1-thread-1] DEBUG n.s.core.photography.Darkroom - Opening darkroom
15:16:51.431 [Darkroom Processing Line] DEBUG n.s.c.p.DarkroomProcessingLine - Darkroom processing line starting up
15:16:52.602 [pool-1-thread-1] DEBUG n.s.core.photography.Darkroom - Send negative for processing for target\site\serenity\screenshots\ec2fc6ef30d97c04602416974c8b9082fe0b2a08f545de254b3f184bea0f8b95.png
15:16:52.603 [Darkroom Processing Line] DEBUG n.s.c.p.DarkroomProcessingLine - Processing screenshot image in /var/screenshots/screenshot-8734536725190223590
15:16:52.603 [Darkroom Processing Line] DEBUG n.s.c.p.DarkroomProcessingLine - Saving screenshot to target\site\serenity\screenshots\ec2fc6ef30d97c04602416974c8b9082fe0b2a08f545de254b3f184bea0f8b95.png
15:16:52.611 [pool-1-thread-1] DEBUG n.t.core.steps.StepInterceptor - STEP DONE: launchURL
15:16:52.622 [pool-1-thread-1] DEBUG n.t.core.steps.StepInterceptor - STARTING STEP: StartLiveSessionTest.startLiveSessionTest - login
15:16:57.376 [pool-1-thread-1] DEBUG n.s.core.photography.Darkroom - Send negative for processing for target\site\serenity\screenshots\c1dc356262b00256810b12415fb6f9ed09518d72293dcf16e7effd37f8f7c11a.png
15:16:57.377 [pool-1-thread-1] DEBUG n.t.core.steps.StepInterceptor - STEP DONE: login
15:16:57.385 [Darkroom Processing Line] DEBUG n.s.c.p.DarkroomProcessingLine - Processing screenshot image in /var/screenshots/screenshot-5974593197596114767
15:16:57.387 [Darkroom Processing Line] DEBUG n.s.c.p.DarkroomProcessingLine - Saving screenshot to target\site\serenity\screenshots\c1dc356262b00256810b12415fb6f9ed09518d72293dcf16e7effd37f8f7c11a.png
15:16:57.394 [pool-1-thread-1] DEBUG n.t.core.steps.StepInterceptor - STARTING STEP: StartLiveSessionTest.startLiveSessionTest - goToProfile
15:17:09.467 [pool-1-thread-1] DEBUG n.s.core.photography.Darkroom - Send negative for processing for target\site\serenity\screenshots\577db3e4d859b1052dc95179b547ccad038d0a4b7c1986f0d29b0cf4d870893b.png
15:17:09.468 [pool-1-thread-1] DEBUG n.t.core.steps.StepInterceptor - STEP DONE: goToProfile
15:17:09.474 [pool-1-thread-1] DEBUG n.t.core.steps.StepInterceptor - STARTING STEP: StartLiveSessionTest.startLiveSessionTest - verifyLogin
15:17:09.476 [Darkroom Processing Line] DEBUG n.s.c.p.DarkroomProcessingLine - Processing screenshot image in /var/screenshots/screenshot-3241963040463888310
15:17:09.476 [Darkroom Processing Line] DEBUG n.s.c.p.DarkroomProcessingLine - Saving screenshot to target\site\serenity\screenshots\577db3e4d859b1052dc95179b547ccad038d0a4b7c1986f0d29b0cf4d870893b.png
15:17:09.950 [pool-1-thread-1] DEBUG n.s.core.photography.Darkroom - Send negative for processing for target\site\serenity\screenshots\577db3e4d859b1052dc95179b547ccad038d0a4b7c1986f0d29b0cf4d870893b.png
15:17:09.950 [pool-1-thread-1] DEBUG n.t.core.steps.StepInterceptor - STEP DONE: verifyLogin
15:17:09.955 [pool-1-thread-1] DEBUG n.t.core.steps.StepInterceptor - STARTING STEP: StartLiveSessionTest.startLiveSessionTest - goToCalendar
15:17:20.627 [pool-1-thread-1] DEBUG n.s.core.photography.Darkroom - Send negative for processing for target\site\serenity\screenshots\0a192c8065fdd1a3187df709a4fa85115c115a59e05abb5420bbb3d9289281f5.png
15:17:20.627 [pool-1-thread-1] DEBUG n.t.core.steps.StepInterceptor - STEP DONE: goToCalendar
15:17:20.627 [Darkroom Processing Line] DEBUG n.s.c.p.DarkroomProcessingLine - Processing screenshot image in /var/screenshots/screenshot-4961441703914548938
15:17:20.627 [Darkroom Processing Line] DEBUG n.s.c.p.DarkroomProcessingLine - Saving screenshot to target\site\serenity\screenshots\0a192c8065fdd1a3187df709a4fa85115c115a59e05abb5420bbb3d9289281f5.png
15:17:20.630 [pool-1-thread-1] DEBUG n.t.core.steps.StepInterceptor - STARTING STEP: StartLiveSessionTest.startLiveSessionTest - startLiveSession
15:17:36.425 [pool-1-thread-1] DEBUG n.s.core.photography.Darkroom - Send negative for processing for target\site\serenity\screenshots\aeebd6d3a7033b4f7748fc164132b208962e0f2e2f0aeb255cf31a3a5c1a6f77.png
15:17:36.425 [pool-1-thread-1] DEBUG n.t.core.steps.StepInterceptor - STEP DONE: startLiveSession
15:17:36.425 [Darkroom Processing Line] DEBUG n.s.c.p.DarkroomProcessingLine - Processing screenshot image in /var/screenshots/screenshot-8849279941779153757
15:17:36.425 [Darkroom Processing Line] DEBUG n.s.c.p.DarkroomProcessingLine - Saving screenshot to target\site\serenity\screenshots\aeebd6d3a7033b4f7748fc164132b208962e0f2e2f0aeb255cf31a3a5c1a6f77.png
15:17:36.427 [pool-1-thread-1] DEBUG n.t.core.steps.StepInterceptor - STARTING STEP: StartLiveSessionTest.startLiveSessionTest - acceptPermissions
15:17:46.718 [pool-1-thread-1] DEBUG n.t.core.steps.StepInterceptor - STEP FAILED: acceptPermissions - no such window: target window already closed
from unknown error: web view not found
  (Session info: chrome=117.0.5938.149)
Build info: version: '3.141.59', revision: 'e82be7d358', time: '2018-11-14T08:17:03'
System info: host: 'DESKTOP-D2F20CM', ip: '192.168.137.1', os.name: 'Windows 10', os.arch: 'amd64', os.version: '10.0', java.version: '1.8.0_202'
Driver info: org.openqa.selenium.chrome.ChromeDriver
Capabilities {acceptInsecureCerts: false, browserName: chrome, browserVersion: 117.0.5938.149, chrome: {chromedriverVersion: 117.0.5938.92 (67649b10b92b..., userDataDir: C:\Users\admin\AppData\Loca...}, fedcm:accounts: true, goog:chromeOptions: {debuggerAddress: localhost:51912}, javascriptEnabled: true, networkConnectionEnabled: false, pageLoadStrategy: normal, platform: WINDOWS, platformName: WINDOWS, proxy: Proxy(), setWindowRect: true, strictFileInteractability: false, timeouts: {implicit: 0, pageLoad: 300000, script: 30000}, unhandledPromptBehavior: dismiss and notify, webauthn:extension:credBlob: true, webauthn:extension:largeBlob: true, webauthn:extension:minPinLength: true, webauthn:extension:prf: true, webauthn:virtualAuthenticators: true}
Session ID: 50ac76ce7930f35d7947305e620c1e9c
*** Element info: {Using=css selector, value=.lounge-local-video}
15:17:47.709 [Darkroom Processing Line] DEBUG n.s.c.p.DarkroomProcessingLine - Darkroom processing line shutting down
]]></system-out>
    <system-err><![CDATA[Oct 09, 2023 3:16:42 PM org.openqa.selenium.remote.DesiredCapabilities chrome
INFO: Using `new ChromeOptions()` is preferred to `DesiredCapabilities.chrome()`
Starting ChromeDriver 117.0.5938.92 (67649b10b92bb182fba357831ef7dd6a1baa5648-refs/branch-heads/5938_62@{#14}) on port 8102
Only local connections are allowed.
Please see https://chromedriver.chromium.org/security-considerations for suggestions on keeping ChromeDriver safe.
ChromeDriver was started successfully.
Oct 09, 2023 3:16:46 PM org.openqa.selenium.remote.ProtocolHandshake createSession
INFO: Detected dialect: W3C
]]></system-err>
  </testcase>
</testsuite>